2023-11-09 09:04:06,079 [INFO] Activator:176 - 


2023-11-09 09:04:06,083 [INFO] Activator:177 - !SESSION log4j initialized
2023-11-09 09:04:10,315 [INFO] LogOutputStream:77 - [STDOUT_REDIRECT] 
2023-11-09 09:04:10,645 [ERROR] ConfigurationRetriever:142 - IOException on connection: sw-center.st.com
2023-11-09 09:04:10,647 [ERROR] ConfigurationRetriever:142 - IOException on connection: sw-center.st.com
2023-11-09 09:04:10,648 [ERROR] ConfigurationRetriever:142 - IOException on connection: sw-center.st.com
2023-11-09 09:04:13,311 [INFO] ApplicationProperties:184 - Using Application install path: C:\ST\STM32CubeIDE_1.13.2\STM32CubeIDE\plugins\com.st.stm32cube.common.mx_6.9.2.202309101412
2023-11-09 09:04:13,343 [INFO] DbMcusXml:78 - Set database path to: C:\ST\STM32CubeIDE_1.13.2\STM32CubeIDE\plugins\com.st.stm32cube.common.mx_6.9.2.202309101412\\db\/mcu/
2023-11-09 09:04:13,344 [INFO] ApiDb:274 - Set plugin database path to: C:\ST\STM32CubeIDE_1.13.2\STM32CubeIDE\plugins\com.st.stm32cube.common.mx_6.9.2.202309101412\\db\/plugins/boardmanager/
2023-11-09 09:04:13,344 [WARN] ApiDb:259 - Overriding images path with different value:  => C:\ST\STM32CubeIDE_1.13.2\STM32CubeIDE\plugins\com.st.stm32cube.common.mx_6.9.2.202309101412\\db\/plugins/mcufinder/images/
2023-11-09 09:04:13,364 [INFO] ApiDb:250 - Set database path to: C:\Users\musta\.stmcufinder\plugins\mcufinder//mcu/
2023-11-09 09:04:13,367 [INFO] DbMcusAds:125 - Set database path to: C:\Users\musta\.stmcufinder\plugins\mcufinder//mcu/
2023-11-09 09:04:13,373 [INFO] CrossReferenceDbSqlite:203 - Set database path to: C:\Users\musta\.stmcufinder\plugins\mcufinder//mcu/cs/
2023-11-09 09:04:13,593 [INFO] RulesReader:64 - Compatibility file has been processed (293 Rules)
2023-11-09 09:04:13,741 [INFO] DbMcusXml:78 - Set database path to: C:\ST\STM32CubeIDE_1.13.2\STM32CubeIDE\plugins\com.st.stm32cube.common.mx_6.9.2.202309101412\\db\/mcu/
2023-11-09 09:04:13,741 [INFO] ApiDb:274 - Set plugin database path to: C:\ST\STM32CubeIDE_1.13.2\STM32CubeIDE\plugins\com.st.stm32cube.common.mx_6.9.2.202309101412\\db\/plugins/boardmanager/
2023-11-09 09:04:13,742 [INFO] ApiDb:261 - Set plugin images path to: C:\ST\STM32CubeIDE_1.13.2\STM32CubeIDE\plugins\com.st.stm32cube.common.mx_6.9.2.202309101412\\db\/plugins/mcufinder/images/
2023-11-09 09:04:13,742 [WARN] DbFile:41 - Overriding database path with different value: C:\Users\musta\.stmcufinder\plugins\mcufinder/ => C:\Users\musta\.stmcufinder\plugins\mcufinder
2023-11-09 09:04:13,743 [INFO] ApiDb:250 - Set database path to: C:\Users\musta\.stmcufinder\plugins\mcufinder//mcu/
2023-11-09 09:04:13,743 [WARN] DbFile:41 - Overriding database path with different value: C:\Users\musta\.stmcufinder\plugins\mcufinder/ => C:\Users\musta\.stmcufinder\plugins\mcufinder
2023-11-09 09:04:13,743 [INFO] DbMcusAds:125 - Set database path to: C:\Users\musta\.stmcufinder\plugins\mcufinder//mcu/
2023-11-09 09:04:13,743 [WARN] DbFile:41 - Overriding database path with different value: C:\Users\musta\.stmcufinder\plugins\mcufinder/ => C:\Users\musta\.stmcufinder\plugins\mcufinder
2023-11-09 09:04:13,744 [WARN] DbFile:41 - Overriding database path with different value: C:\Users\musta\.stmcufinder\plugins\mcufinder/ => C:\Users\musta\.stmcufinder\plugins\mcufinder
2023-11-09 09:04:13,744 [INFO] CrossReferenceDbSqlite:203 - Set database path to: C:\Users\musta\.stmcufinder\plugins\mcufinder//mcu/cs/
2023-11-09 09:04:13,882 [INFO] MainPanel:262 - HeapMemory: 268435456
2023-11-09 09:04:13,994 [INFO] DbMcusXml:78 - Set database path to: C:\ST\STM32CubeIDE_1.13.2\STM32CubeIDE\plugins\com.st.stm32cube.common.mx_6.9.2.202309101412\\db\/mcu/
2023-11-09 09:04:13,994 [INFO] ApiDb:274 - Set plugin database path to: C:\ST\STM32CubeIDE_1.13.2\STM32CubeIDE\plugins\com.st.stm32cube.common.mx_6.9.2.202309101412\\db\/plugins/boardmanager/
2023-11-09 09:04:13,994 [INFO] ApiDb:261 - Set plugin images path to: C:\ST\STM32CubeIDE_1.13.2\STM32CubeIDE\plugins\com.st.stm32cube.common.mx_6.9.2.202309101412\\db\/plugins/mcufinder/images/
2023-11-09 09:04:13,995 [WARN] DbFile:41 - Overriding database path with different value: C:\Users\musta\.stmcufinder\plugins\mcufinder/ => C:\Users\musta\.stmcufinder\plugins\mcufinder
2023-11-09 09:04:13,995 [INFO] ApiDb:250 - Set database path to: C:\Users\musta\.stmcufinder\plugins\mcufinder//mcu/
2023-11-09 09:04:13,995 [WARN] DbFile:41 - Overriding database path with different value: C:\Users\musta\.stmcufinder\plugins\mcufinder/ => C:\Users\musta\.stmcufinder\plugins\mcufinder
2023-11-09 09:04:13,996 [INFO] DbMcusAds:125 - Set database path to: C:\Users\musta\.stmcufinder\plugins\mcufinder//mcu/
2023-11-09 09:04:13,996 [WARN] DbFile:41 - Overriding database path with different value: C:\Users\musta\.stmcufinder\plugins\mcufinder/ => C:\Users\musta\.stmcufinder\plugins\mcufinder
2023-11-09 09:04:13,996 [WARN] DbFile:41 - Overriding database path with different value: C:\Users\musta\.stmcufinder\plugins\mcufinder/ => C:\Users\musta\.stmcufinder\plugins\mcufinder
2023-11-09 09:04:13,996 [INFO] CrossReferenceDbSqlite:203 - Set database path to: C:\Users\musta\.stmcufinder\plugins\mcufinder//mcu/cs/
2023-11-09 09:04:14,023 [INFO] ApplicationProperties:184 - Using Application install path: C:\ST\STM32CubeIDE_1.13.2\STM32CubeIDE\plugins\com.st.stm32cube.common.mx_6.9.2.202309101412
2023-11-09 09:04:14,025 [INFO] PluginManage:196 - Search for loadable plugins [exclusion list=, ]
2023-11-09 09:04:14,027 [INFO] PluginManage:310 - Check plugin analytics
2023-11-09 09:04:14,358 [INFO] AnalyticsPlugin:253 - Accepted Software Licenses: 
2023-11-09 09:04:14,359 [INFO] AnalyticsPlugin:255 - Accepted CMSIS Pack Licenses: 
2023-11-09 09:04:14,359 [INFO] AnalyticsPlugin:257 - Accepted Firmware Licenses: 
2023-11-09 09:04:14,364 [INFO] PluginManage:359 - Loaded plugin analytics (category:tool,tabindex:-1)
2023-11-09 09:04:14,365 [INFO] PluginManage:310 - Check plugin cadmodel
2023-11-09 09:04:14,366 [ERROR] ConfigurationRetriever:142 - IOException on connection: sw-center.st.com
2023-11-09 09:04:14,367 [ERROR] ConfigurationRetriever:142 - IOException on connection: sw-center.st.com
2023-11-09 09:04:14,368 [ERROR] ConfigurationRetriever:142 - IOException on connection: sw-center.st.com
2023-11-09 09:04:14,372 [INFO] CADModel:105 - Init CAD model plugin
2023-11-09 09:04:14,372 [INFO] PluginManage:359 - Loaded plugin cadmodel (category:power,tabindex:5)
2023-11-09 09:04:14,373 [INFO] PluginManage:310 - Check plugin clock
2023-11-09 09:04:14,392 [INFO] PluginManage:359 - Loaded plugin clock (category:base,tabindex:2)
2023-11-09 09:04:14,393 [INFO] PluginManage:310 - Check plugin ddr
2023-11-09 09:04:14,397 [INFO] PluginManage:359 - Loaded plugin ddr (category:tool,tabindex:6)
2023-11-09 09:04:14,397 [INFO] PluginManage:310 - Check plugin filemanager
2023-11-09 09:04:14,649 [INFO] PluginManage:359 - Loaded plugin filemanager (category:base,tabindex:10)
2023-11-09 09:04:14,649 [INFO] PluginManage:310 - Check plugin ipmanager
2023-11-09 09:04:14,665 [INFO] PluginManage:359 - Loaded plugin ipmanager (category:base,tabindex:5)
2023-11-09 09:04:14,665 [INFO] PluginManage:310 - Check plugin lpbam
2023-11-09 09:04:14,680 [INFO] PluginManage:359 - Loaded plugin lpbam (category:base,tabindex:0)
2023-11-09 09:04:14,680 [INFO] PluginManage:310 - Check plugin memorymap
2023-11-09 09:04:14,701 [INFO] PluginManage:359 - Loaded plugin memorymap (category:base,tabindex:4)
2023-11-09 09:04:14,702 [INFO] PluginManage:310 - Check plugin pinoutandconfiguration
2023-11-09 09:04:14,714 [INFO] PluginManage:359 - Loaded plugin pinoutandconfiguration (category:base,tabindex:1)
2023-11-09 09:04:14,714 [INFO] PluginManage:310 - Check plugin pinoutconfig
2023-11-09 09:04:14,881 [WARN] SupportedApi:132 - Cannot load RTOS API schema: s4s-elt-must-match.1: The content of 'definitions' must match (annotation?, (simpleType | complexType)?, (unique | key | keyref)*)). A problem was found starting at: attribute.
2023-11-09 09:04:15,142 [INFO] PluginManage:359 - Loaded plugin pinoutconfig (category:base,tabindex:0)
2023-11-09 09:04:15,143 [INFO] PluginManage:310 - Check plugin power
2023-11-09 09:04:15,153 [INFO] PluginManage:359 - Loaded plugin power (category:power,tabindex:4)
2023-11-09 09:04:15,153 [INFO] PluginManage:310 - Check plugin projectmanager
2023-11-09 09:04:15,175 [INFO] PluginManage:359 - Loaded plugin projectmanager (category:projectmanager,tabindex:3)
2023-11-09 09:04:15,175 [INFO] PluginManage:310 - Check plugin thirdparty
2023-11-09 09:04:15,295 [WARN] IntegrityCheckThread:84 - waiting for thirdparty lock release [integrity check]
2023-11-09 09:04:15,295 [INFO] PluginManage:359 - Loaded plugin thirdparty (category:base,tabindex:-1)
2023-11-09 09:04:15,296 [INFO] IntegrityCheckThread:86 - entering critical section [integrity check]
2023-11-09 09:04:15,296 [INFO] PluginManage:310 - Check plugin tools
2023-11-09 09:04:15,296 [INFO] ThirdPartyUpdaterWithRetryManager:70 - Updater plugin not ready yet. [1/15]
2023-11-09 09:04:15,298 [INFO] PluginManage:359 - Loaded plugin tools (category:base,tabindex:7)
2023-11-09 09:04:15,298 [INFO] PluginManage:310 - Check plugin tutovideos
2023-11-09 09:04:15,442 [INFO] PluginManage:359 - Loaded plugin tutovideos (category:base,tabindex:-1)
2023-11-09 09:04:15,442 [INFO] PluginManage:310 - Check plugin updater
2023-11-09 09:04:15,455 [INFO] PluginManage:359 - Loaded plugin updater (category:base,tabindex:12)
2023-11-09 09:04:15,455 [INFO] PluginManage:310 - Check plugin userauth
2023-11-09 09:04:15,462 [INFO] UserAuth:113 - Init User Auth plugin
2023-11-09 09:04:15,462 [INFO] PluginManage:359 - Loaded plugin userauth (category:base,tabindex:14)
2023-11-09 09:04:15,463 [INFO] PluginManage:283 - PluginManage : Loaded plugins [17]
2023-11-09 09:04:15,679 [INFO] PinOutPanel:1499 - setPackage(No Configuration,No Configuration)
2023-11-09 09:04:15,831 [INFO] CADModel:165 - CPN selected for project level
2023-11-09 09:04:15,831 [INFO] CADModel:114 - Register for checkConnection events
2023-11-09 09:04:15,850 [INFO] IPUIPlugin:80 - create IPUIPlugin
2023-11-09 09:04:15,851 [INFO] PluginManager:220 - loadIPPluginJar : add adc
2023-11-09 09:04:15,854 [INFO] IPUIPlugin:80 - create IPUIPlugin
2023-11-09 09:04:15,854 [INFO] PluginManager:220 - loadIPPluginJar : add aes
2023-11-09 09:04:15,857 [INFO] IPUIPlugin:80 - create IPUIPlugin
2023-11-09 09:04:15,857 [INFO] PluginManager:220 - loadIPPluginJar : add can
2023-11-09 09:04:15,860 [INFO] IPUIPlugin:80 - create IPUIPlugin
2023-11-09 09:04:15,860 [INFO] PluginManager:220 - loadIPPluginJar : add comp
2023-11-09 09:04:15,863 [INFO] IPUIPlugin:80 - create IPUIPlugin
2023-11-09 09:04:15,863 [INFO] PluginManager:220 - loadIPPluginJar : add cryp
2023-11-09 09:04:15,865 [INFO] IPUIPlugin:80 - create IPUIPlugin
2023-11-09 09:04:15,865 [INFO] PluginManager:220 - loadIPPluginJar : add dfsdm
2023-11-09 09:04:15,870 [INFO] IPUIPlugin:80 - create IPUIPlugin
2023-11-09 09:04:15,871 [INFO] PluginManager:220 - loadIPPluginJar : add dma
2023-11-09 09:04:15,874 [INFO] IPUIPlugin:80 - create IPUIPlugin
2023-11-09 09:04:15,874 [INFO] PluginManager:220 - loadIPPluginJar : add dma3
2023-11-09 09:04:15,876 [INFO] IPUIPlugin:80 - create IPUIPlugin
2023-11-09 09:04:15,876 [INFO] PluginManager:220 - loadIPPluginJar : add fatfs
2023-11-09 09:04:15,881 [INFO] IPUIPlugin:80 - create IPUIPlugin
2023-11-09 09:04:15,881 [INFO] PluginManager:220 - loadIPPluginJar : add fmc
2023-11-09 09:04:15,887 [INFO] IPUIPlugin:80 - create IPUIPlugin
2023-11-09 09:04:15,887 [INFO] PluginManager:220 - loadIPPluginJar : add freertos
2023-11-09 09:04:15,890 [INFO] IPUIPlugin:80 - create IPUIPlugin
2023-11-09 09:04:15,890 [INFO] PluginManager:220 - loadIPPluginJar : add genericplugin
2023-11-09 09:04:15,893 [INFO] IPUIPlugin:80 - create IPUIPlugin
2023-11-09 09:04:15,894 [INFO] PluginManager:220 - loadIPPluginJar : add gfxmmu
2023-11-09 09:04:15,900 [INFO] IPUIPlugin:80 - create IPUIPlugin
2023-11-09 09:04:15,900 [INFO] PluginManager:220 - loadIPPluginJar : add gic
2023-11-09 09:04:15,906 [INFO] IPUIPlugin:80 - create IPUIPlugin
2023-11-09 09:04:15,906 [INFO] PluginManager:220 - loadIPPluginJar : add gpio
2023-11-09 09:04:15,910 [INFO] IPUIPlugin:80 - create IPUIPlugin
2023-11-09 09:04:15,910 [INFO] PluginManager:220 - loadIPPluginJar : add gtzc
2023-11-09 09:04:15,914 [INFO] IPUIPlugin:80 - create IPUIPlugin
2023-11-09 09:04:15,914 [INFO] PluginManager:220 - loadIPPluginJar : add hash
2023-11-09 09:04:15,919 [INFO] IPUIPlugin:80 - create IPUIPlugin
2023-11-09 09:04:15,919 [INFO] PluginManager:220 - loadIPPluginJar : add i2c
2023-11-09 09:04:15,924 [INFO] IPUIPlugin:80 - create IPUIPlugin
2023-11-09 09:04:15,924 [INFO] PluginManager:220 - loadIPPluginJar : add i2s
2023-11-09 09:04:15,929 [INFO] IPUIPlugin:80 - create IPUIPlugin
2023-11-09 09:04:15,930 [INFO] PluginManager:220 - loadIPPluginJar : add i3c
2023-11-09 09:04:15,934 [INFO] IPUIPlugin:80 - create IPUIPlugin
2023-11-09 09:04:15,935 [INFO] PluginManager:220 - loadIPPluginJar : add ipddr
2023-11-09 09:04:15,944 [INFO] IPUIPlugin:80 - create IPUIPlugin
2023-11-09 09:04:15,944 [INFO] PluginManager:220 - loadIPPluginJar : add linkedlist
2023-11-09 09:04:15,949 [INFO] IPUIPlugin:80 - create IPUIPlugin
2023-11-09 09:04:15,949 [INFO] PluginManager:220 - loadIPPluginJar : add lorawan
2023-11-09 09:04:15,951 [INFO] IPUIPlugin:80 - create IPUIPlugin
2023-11-09 09:04:15,951 [INFO] PluginManager:220 - loadIPPluginJar : add ltdc
2023-11-09 09:04:15,958 [INFO] IPUIPlugin:80 - create IPUIPlugin
2023-11-09 09:04:15,959 [INFO] PluginManager:220 - loadIPPluginJar : add mdma
2023-11-09 09:04:15,963 [INFO] IPUIPlugin:80 - create IPUIPlugin
2023-11-09 09:04:15,964 [INFO] PluginManager:220 - loadIPPluginJar : add nvic
2023-11-09 09:04:15,968 [INFO] IPUIPlugin:80 - create IPUIPlugin
2023-11-09 09:04:15,968 [INFO] PluginManager:220 - loadIPPluginJar : add opamp
2023-11-09 09:04:15,973 [INFO] IPUIPlugin:80 - create IPUIPlugin
2023-11-09 09:04:15,973 [INFO] PluginManager:220 - loadIPPluginJar : add openamp
2023-11-09 09:04:15,978 [INFO] IPUIPlugin:80 - create IPUIPlugin
2023-11-09 09:04:15,978 [INFO] PluginManager:220 - loadIPPluginJar : add pdm2pcm
2023-11-09 09:04:15,989 [INFO] IPUIPlugin:80 - create IPUIPlugin
2023-11-09 09:04:15,993 [INFO] PluginManager:220 - loadIPPluginJar : add plateformsettings
2023-11-09 09:04:15,996 [INFO] IPUIPlugin:80 - create IPUIPlugin
2023-11-09 09:04:15,996 [INFO] PluginManager:220 - loadIPPluginJar : add quadspi
2023-11-09 09:04:16,000 [INFO] IPUIPlugin:80 - create IPUIPlugin
2023-11-09 09:04:16,001 [INFO] PluginManager:220 - loadIPPluginJar : add resmgrutility
2023-11-09 09:04:16,005 [INFO] IPUIPlugin:80 - create IPUIPlugin
2023-11-09 09:04:16,006 [INFO] PluginManager:220 - loadIPPluginJar : add sai
2023-11-09 09:04:16,009 [INFO] IPUIPlugin:80 - create IPUIPlugin
2023-11-09 09:04:16,009 [INFO] PluginManager:220 - loadIPPluginJar : add spi
2023-11-09 09:04:16,014 [INFO] IPUIPlugin:80 - create IPUIPlugin
2023-11-09 09:04:16,015 [INFO] PluginManager:220 - loadIPPluginJar : add stm32_wpan
2023-11-09 09:04:16,017 [INFO] IPUIPlugin:80 - create IPUIPlugin
2023-11-09 09:04:16,017 [INFO] PluginManager:220 - loadIPPluginJar : add tim
2023-11-09 09:04:16,022 [INFO] IPUIPlugin:80 - create IPUIPlugin
2023-11-09 09:04:16,022 [INFO] PluginManager:220 - loadIPPluginJar : add touchsensing
2023-11-09 09:04:16,024 [INFO] IPUIPlugin:80 - create IPUIPlugin
2023-11-09 09:04:16,024 [INFO] PluginManager:220 - loadIPPluginJar : add tracer_emb
2023-11-09 09:04:16,026 [INFO] IPUIPlugin:80 - create IPUIPlugin
2023-11-09 09:04:16,026 [INFO] PluginManager:220 - loadIPPluginJar : add ts
2023-11-09 09:04:16,029 [INFO] IPUIPlugin:80 - create IPUIPlugin
2023-11-09 09:04:16,029 [INFO] PluginManager:220 - loadIPPluginJar : add tsc
2023-11-09 09:04:16,031 [INFO] IPUIPlugin:80 - create IPUIPlugin
2023-11-09 09:04:16,031 [INFO] PluginManager:220 - loadIPPluginJar : add ucpd
2023-11-09 09:04:16,035 [INFO] IPUIPlugin:80 - create IPUIPlugin
2023-11-09 09:04:16,036 [INFO] PluginManager:220 - loadIPPluginJar : add usart
2023-11-09 09:04:16,039 [INFO] IPUIPlugin:80 - create IPUIPlugin
2023-11-09 09:04:16,039 [INFO] PluginManager:220 - loadIPPluginJar : add usbx
2023-11-09 09:04:16,182 [INFO] CADModel:165 - CPN selected for project level
2023-11-09 09:04:16,182 [INFO] CADModel:114 - Register for checkConnection events
2023-11-09 09:04:16,182 [FATAL] Updater:308 - Updater called before beeing initialized
2023-11-09 09:04:16,182 [ERROR] CADModel:125 - Updater not yet initialized, retry later 
2023-11-09 09:04:16,389 [INFO] CADModel:165 - CPN selected for project level
2023-11-09 09:04:16,389 [INFO] CADModel:114 - Register for checkConnection events
2023-11-09 09:04:16,389 [FATAL] Updater:308 - Updater called before beeing initialized
2023-11-09 09:04:16,389 [ERROR] CADModel:125 - Updater not yet initialized, retry later 
2023-11-09 09:04:16,395 [FATAL] Updater:308 - Updater called before beeing initialized
2023-11-09 09:04:16,560 [FATAL] Updater:308 - Updater called before beeing initialized
2023-11-09 09:04:16,570 [INFO] DbMcusAds:53 - JSON generation date=Tue Mar 07 10:50:55 EET 2023 (1678179055335)
2023-11-09 09:04:16,570 [FATAL] Updater:308 - Updater called before beeing initialized
2023-11-09 09:04:16,634 [WARN] DetailPanel:346 - Failed to get advertising image, set to default
2023-11-09 09:04:16,816 [FATAL] Updater:308 - Updater called before beeing initialized
2023-11-09 09:04:16,819 [FATAL] Updater:308 - Updater called before beeing initialized
2023-11-09 09:04:16,819 [FATAL] Updater:308 - Updater called before beeing initialized
2023-11-09 09:04:16,819 [WARN] DetailPanel:346 - Failed to get advertising image, set to default
2023-11-09 09:04:16,820 [FATAL] Updater:308 - Updater called before beeing initialized
2023-11-09 09:04:16,905 [ERROR] Updater:1120 - MainUpdater not yet initialized. External WinMGr cannot be set.
2023-11-09 09:04:16,912 [INFO] Updater:1056 - Updater Version found : 6.9.2
2023-11-09 09:04:16,945 [INFO] ApplicationProperties:184 - Using Application install path: C:\ST\STM32CubeIDE_1.13.2\STM32CubeIDE\plugins\com.st.stm32cube.common.mx_6.9.2.202309101412
2023-11-09 09:04:17,098 [ERROR] ServerAccessManage:1146 - Warning during Server Connection :  Unknown host sw-center.st.com
2023-11-09 09:04:17,104 [INFO] MainUpdater:2868 - connection check result : 22
2023-11-09 09:04:17,106 [INFO] MainUpdater:285 - Updater Check For Update Now.
2023-11-09 09:04:17,106 [INFO] MicroXplorer:498 - Change Database Version : DB.6.0.92
2023-11-09 09:04:17,120 [INFO] McuFinderGlobals:63 - Set McuFinder mode to 2 (CubeIDE integrated)
2023-11-09 09:04:17,120 [INFO] UserAuth:179 - activating auth plugin
2023-11-09 09:04:17,125 [INFO] UserAuth:393 - Internet connection configuration mode: 2
2023-11-09 09:04:17,384 [INFO] CheckServerUpdateThread:120 - End of CheckServer Thread
2023-11-09 09:04:18,582 [WARN] PackLoader:240 - Cannot read IP mode file for STMicroelectronics.X-CUBE-SMBUS.2.1.0
2023-11-09 09:04:18,651 [WARN] PackLoader:240 - Cannot read IP mode file for STMicroelectronics.X-CUBE-AZRTOS-F7.1.1.0
2023-11-09 09:04:18,675 [WARN] PackLoader:240 - Cannot read IP mode file for STMicroelectronics.FP-SNS-MOTENV1.4.3.2
2023-11-09 09:04:18,716 [WARN] PackLoader:240 - Cannot read IP mode file for STMicroelectronics.FP-SNS-FLIGHT1.5.0.2
2023-11-09 09:04:18,735 [WARN] PackLoader:240 - Cannot read IP mode file for STMicroelectronics.X-CUBE-DISPLAY.3.0.0
2023-11-09 09:04:18,761 [WARN] PackLoader:240 - Cannot read IP mode file for STMicroelectronics.X-CUBE-BLE1.7.0.0
2023-11-09 09:04:18,774 [WARN] PackLoader:240 - Cannot read IP mode file for emotas.I-CUBE-CANOPEN.1.3.0
2023-11-09 09:04:18,782 [WARN] PackLoader:240 - Cannot read IP mode file for STMicroelectronics.X-CUBE-TOUCHGFX.4.22.1
2023-11-09 09:04:18,789 [WARN] PackLoader:240 - Cannot read IP mode file for STMicroelectronics.FP-SNS-SMARTAG2.1.2.0
2023-11-09 09:04:18,812 [INFO] LogOutputStream:77 - [STDOUT_REDIRECT] 1 : Invalid condition id : UX_CORESTACK_Condition cause : null
2023-11-09 09:04:18,813 [INFO] LogOutputStream:77 - [STDOUT_REDIRECT] 1 : Invalid condition id : UX_CORESTACK_Condition cause : null
2023-11-09 09:04:18,816 [INFO] LogOutputStream:77 - [STDOUT_REDIRECT] 1 : Invalid condition id : UX_CORESTACK_Condition cause : null
2023-11-09 09:04:18,819 [INFO] LogOutputStream:77 - [STDOUT_REDIRECT] 1 : Invalid condition id : UX_CORESTACK_Condition cause : null
2023-11-09 09:04:18,821 [INFO] LogOutputStream:77 - [STDOUT_REDIRECT] 1 : Invalid condition id : UX_CORESTACK_Condition cause : null
2023-11-09 09:04:18,832 [WARN] PackLoader:240 - Cannot read IP mode file for STMicroelectronics.X-CUBE-AZRTOS-WL.2.0.0
2023-11-09 09:04:18,849 [WARN] PackLoader:240 - Cannot read IP mode file for WES.I-CUBE-Cesium.1.3.0
2023-11-09 09:04:18,857 [WARN] PackLoader:240 - Cannot read IP mode file for STMicroelectronics.X-CUBE-BLE2.3.3.0
2023-11-09 09:04:18,871 [WARN] PackLoader:240 - Cannot read IP mode file for STMicroelectronics.X-CUBE-ALGOBUILD.1.3.0
2023-11-09 09:04:18,919 [WARN] PackLoader:240 - Cannot read IP mode file for STMicroelectronics.X-CUBE-AZRTOS-G0.1.1.0
2023-11-09 09:04:18,932 [WARN] PackLoader:240 - Cannot read IP mode file for STMicroelectronics.X-CUBE-NFC4.3.0.0
2023-11-09 09:04:18,951 [WARN] PackLoader:240 - Cannot read IP mode file for STMicroelectronics.X-CUBE-BLEMGR.3.0.0
2023-11-09 09:04:18,961 [WARN] PackLoader:240 - Cannot read IP mode file for STMicroelectronics.FP-ATR-SIGFOX1.3.2.0
2023-11-09 09:04:18,970 [WARN] PackLoader:240 - Cannot read IP mode file for STMicroelectronics.X-CUBE-GNSS1.6.0.0
2023-11-09 09:04:19,000 [WARN] PackLoader:240 - Cannot read IP mode file for STMicroelectronics.X-CUBE-AZRTOS-F4.1.1.0
2023-11-09 09:04:19,012 [WARN] PackLoader:240 - Cannot read IP mode file for wolfSSL.I-CUBE-wolfSSL.5.6.4
2023-11-09 09:04:19,038 [WARN] PackLoader:240 - Cannot read IP mode file for STMicroelectronics.X-CUBE-AZRTOS-L5.2.0.0
2023-11-09 09:04:19,049 [WARN] PackLoader:240 - Cannot read IP mode file for STMicroelectronics.X-CUBE-EEPRMA1.4.2.0
2023-11-09 09:04:19,059 [WARN] PackLoader:240 - Cannot read IP mode file for ITTIA_DB.I-CUBE-ITTIADB.8.8.0
2023-11-09 09:04:19,083 [WARN] ConditionMgr:438 - getConditionDescription Invalid condition id : UX DEVICE CLASS RTOS Condition cause : null
2023-11-09 09:04:19,084 [WARN] ConditionMgr:438 - getConditionDescription Invalid condition id : UX DEVICE CLASS RTOS Condition cause : null
2023-11-09 09:04:19,089 [WARN] PackLoader:240 - Cannot read IP mode file for STMicroelectronics.X-CUBE-AZRTOS-H7.3.1.0
2023-11-09 09:04:19,091 [WARN] ConditionMgr:1039 - genDependencies : Invalid condition id : UX DEVICE CLASS RTOS Condition cause : null
2023-11-09 09:04:19,091 [WARN] ConditionMgr:1039 - genDependencies : Invalid condition id : UX DEVICE CLASS RTOS Condition cause : null
2023-11-09 09:04:19,092 [WARN] ConditionMgr:1039 - genDependencies : Invalid condition id : UX DEVICE CLASS RTOS Condition cause : null
2023-11-09 09:04:19,093 [WARN] ConditionMgr:1039 - genDependencies : Invalid condition id : UX DEVICE CLASS RTOS Condition cause : null
2023-11-09 09:04:19,093 [WARN] ConditionMgr:1039 - genDependencies : Invalid condition id : UX DEVICE CLASS RTOS Condition cause : null
2023-11-09 09:04:19,103 [WARN] PackLoader:240 - Cannot read IP mode file for STMicroelectronics.X-CUBE-NFC7.1.0.1
2023-11-09 09:04:19,114 [WARN] PackLoader:240 - Cannot read IP mode file for STMicroelectronics.X-CUBE-NFC6.3.0.0
2023-11-09 09:04:19,122 [WARN] PackLoader:240 - Cannot read IP mode file for STMicroelectronics.X-CUBE-AI.8.1.0
2023-11-09 09:04:19,149 [WARN] ConditionMgr:438 - getConditionDescription Invalid condition id : LAN8742 Phy interface Condition cause : null
2023-11-09 09:04:19,150 [WARN] PackLoader:240 - Cannot read IP mode file for STMicroelectronics.X-CUBE-AZRTOS-L4.2.0.0
2023-11-09 09:04:19,152 [WARN] ConditionMgr:1039 - genDependencies : Invalid condition id : LAN8742 Phy interface Condition cause : null
2023-11-09 09:04:19,152 [WARN] ConditionMgr:1039 - genDependencies : Invalid condition id : LAN8742 Phy interface Condition cause : null
2023-11-09 09:04:19,153 [WARN] ConditionMgr:1039 - genDependencies : Invalid condition id : LAN8742 Phy interface Condition cause : null
2023-11-09 09:04:19,166 [WARN] PackLoader:240 - Cannot read IP mode file for STMicroelectronics.X-CUBE-SFXS2LP1.4.0.0
2023-11-09 09:04:19,175 [WARN] PackLoader:240 - Cannot read IP mode file for STMicroelectronics.X-CUBE-ISPU.1.1.0
2023-11-09 09:04:19,198 [WARN] ConditionMgr:438 - getConditionDescription Invalid condition id : UX DEVICE CLASS RTOS Condition cause : null
2023-11-09 09:04:19,198 [WARN] ConditionMgr:438 - getConditionDescription Invalid condition id : UX DEVICE CLASS RTOS Condition cause : null
2023-11-09 09:04:19,204 [WARN] PackLoader:240 - Cannot read IP mode file for STMicroelectronics.X-CUBE-AZRTOS-WB.2.0.0
2023-11-09 09:04:19,205 [WARN] ConditionMgr:1039 - genDependencies : Invalid condition id : UX DEVICE CLASS RTOS Condition cause : null
2023-11-09 09:04:19,205 [WARN] ConditionMgr:1039 - genDependencies : Invalid condition id : UX DEVICE CLASS RTOS Condition cause : null
2023-11-09 09:04:19,206 [WARN] ConditionMgr:1039 - genDependencies : Invalid condition id : UX DEVICE CLASS RTOS Condition cause : null
2023-11-09 09:04:19,206 [WARN] ConditionMgr:1039 - genDependencies : Invalid condition id : UX DEVICE CLASS RTOS Condition cause : null
2023-11-09 09:04:19,207 [WARN] ConditionMgr:1039 - genDependencies : Invalid condition id : UX DEVICE CLASS RTOS Condition cause : null
2023-11-09 09:04:19,238 [WARN] PackLoader:240 - Cannot read IP mode file for STMicroelectronics.X-CUBE-SUBG2.5.0.0
2023-11-09 09:04:19,282 [WARN] PackLoader:240 - Cannot read IP mode file for STMicroelectronics.X-CUBE-TOF1.3.3.1
2023-11-09 09:04:19,355 [WARN] PackLoader:240 - Cannot read IP mode file for STMicroelectronics.X-CUBE-AZRTOS-G4.2.0.0
2023-11-09 09:04:19,387 [WARN] PackLoader:240 - Cannot read IP mode file for Infineon.AIROC-Wi-Fi-Bluetooth-STM32.1.5.1
2023-11-09 09:04:19,481 [WARN] PackLoader:240 - Cannot read IP mode file for STMicroelectronics.X-CUBE-MEMS1.10.0.0
2023-11-09 09:04:19,739 [WARN] PackLoader:240 - Cannot read IP mode file for STMicroelectronics.X-CUBE-FREERTOS.1.1.0
2023-11-09 09:04:19,747 [WARN] PackLoader:240 - Cannot read IP mode file for portGmbH.I-Cube-SoM-uGOAL.1.1.0
2023-11-09 09:04:19,753 [WARN] PackLoader:240 - Cannot read IP mode file for STMicroelectronics.X-CUBE-ALS.1.0.1
2023-11-09 09:04:19,759 [WARN] PackLoader:240 - Cannot read IP mode file for STMicroelectronics.FP-ATR-ASTRA1.2.0.0
2023-11-09 09:04:19,760 [INFO] ThirdParty:978 - Integrity check success = true
2023-11-09 09:04:19,760 [INFO] IntegrityCheckThread:100 - exiting critical section [integrity check]
2023-11-09 09:04:19,760 [INFO] IntegrityCheckThread:103 - End integrity checks thread
2023-11-09 09:04:37,750 [ERROR] LogOutputStream:75 - [STDERR_REDIRECT] SLF4J: Failed to load class "org.slf4j.impl.StaticLoggerBinder".
2023-11-09 09:04:37,751 [ERROR] LogOutputStream:75 - [STDERR_REDIRECT] SLF4J: Defaulting to no-operation (NOP) logger implementation
2023-11-09 09:04:37,752 [ERROR] LogOutputStream:75 - [STDERR_REDIRECT] SLF4J: See http://www.slf4j.org/codes.html#StaticLoggerBinder for further details.
2023-11-09 09:06:03,658 [ERROR] ConfigurationRetriever:142 - IOException on connection: sw-center.st.com
2023-11-09 09:06:03,659 [ERROR] ConfigurationRetriever:142 - IOException on connection: sw-center.st.com
2023-11-09 09:06:03,659 [ERROR] ConfigurationRetriever:142 - IOException on connection: sw-center.st.com
2023-11-09 09:06:48,410 [ERROR] ConfigurationRetriever:142 - IOException on connection: sw-center.st.com
2023-11-09 09:06:48,410 [ERROR] ConfigurationRetriever:142 - IOException on connection: sw-center.st.com
2023-11-09 09:06:48,411 [ERROR] ConfigurationRetriever:142 - IOException on connection: sw-center.st.com
2023-11-09 09:06:55,898 [ERROR] ConfigurationRetriever:142 - IOException on connection: sw-center.st.com
2023-11-09 09:06:55,899 [ERROR] ConfigurationRetriever:142 - IOException on connection: sw-center.st.com
2023-11-09 09:06:55,900 [ERROR] ConfigurationRetriever:142 - IOException on connection: sw-center.st.com
2023-11-09 09:07:40,801 [INFO] Activator:176 - 


2023-11-09 09:07:40,805 [INFO] Activator:177 - !SESSION log4j initialized
2023-11-09 09:07:46,744 [INFO] LogOutputStream:77 - [STDOUT_REDIRECT] 
2023-11-09 09:07:47,325 [ERROR] ConfigurationRetriever:142 - IOException on connection: sw-center.st.com
2023-11-09 09:07:47,327 [ERROR] ConfigurationRetriever:142 - IOException on connection: sw-center.st.com
2023-11-09 09:07:47,328 [ERROR] ConfigurationRetriever:142 - IOException on connection: sw-center.st.com
2023-11-09 09:07:48,246 [INFO] ApplicationProperties:184 - Using Application install path: C:\ST\STM32CubeIDE_1.13.2\STM32CubeIDE\plugins\com.st.stm32cube.common.mx_6.9.2.202309101412
2023-11-09 09:07:48,286 [INFO] DbMcusXml:78 - Set database path to: C:\ST\STM32CubeIDE_1.13.2\STM32CubeIDE\plugins\com.st.stm32cube.common.mx_6.9.2.202309101412\\db\/mcu/
2023-11-09 09:07:48,287 [INFO] ApiDb:274 - Set plugin database path to: C:\ST\STM32CubeIDE_1.13.2\STM32CubeIDE\plugins\com.st.stm32cube.common.mx_6.9.2.202309101412\\db\/plugins/boardmanager/
2023-11-09 09:07:48,288 [WARN] ApiDb:259 - Overriding images path with different value:  => C:\ST\STM32CubeIDE_1.13.2\STM32CubeIDE\plugins\com.st.stm32cube.common.mx_6.9.2.202309101412\\db\/plugins/mcufinder/images/
2023-11-09 09:07:48,311 [INFO] ApiDb:250 - Set database path to: C:\Users\musta\.stmcufinder\plugins\mcufinder//mcu/
2023-11-09 09:07:48,314 [INFO] DbMcusAds:125 - Set database path to: C:\Users\musta\.stmcufinder\plugins\mcufinder//mcu/
2023-11-09 09:07:48,320 [INFO] CrossReferenceDbSqlite:203 - Set database path to: C:\Users\musta\.stmcufinder\plugins\mcufinder//mcu/cs/
2023-11-09 09:07:48,620 [INFO] RulesReader:64 - Compatibility file has been processed (293 Rules)
2023-11-09 09:07:48,765 [INFO] DbMcusXml:78 - Set database path to: C:\ST\STM32CubeIDE_1.13.2\STM32CubeIDE\plugins\com.st.stm32cube.common.mx_6.9.2.202309101412\\db\/mcu/
2023-11-09 09:07:48,765 [INFO] ApiDb:274 - Set plugin database path to: C:\ST\STM32CubeIDE_1.13.2\STM32CubeIDE\plugins\com.st.stm32cube.common.mx_6.9.2.202309101412\\db\/plugins/boardmanager/
2023-11-09 09:07:48,766 [INFO] ApiDb:261 - Set plugin images path to: C:\ST\STM32CubeIDE_1.13.2\STM32CubeIDE\plugins\com.st.stm32cube.common.mx_6.9.2.202309101412\\db\/plugins/mcufinder/images/
2023-11-09 09:07:48,766 [WARN] DbFile:41 - Overriding database path with different value: C:\Users\musta\.stmcufinder\plugins\mcufinder/ => C:\Users\musta\.stmcufinder\plugins\mcufinder
2023-11-09 09:07:48,767 [INFO] ApiDb:250 - Set database path to: C:\Users\musta\.stmcufinder\plugins\mcufinder//mcu/
2023-11-09 09:07:48,767 [WARN] DbFile:41 - Overriding database path with different value: C:\Users\musta\.stmcufinder\plugins\mcufinder/ => C:\Users\musta\.stmcufinder\plugins\mcufinder
2023-11-09 09:07:48,767 [INFO] DbMcusAds:125 - Set database path to: C:\Users\musta\.stmcufinder\plugins\mcufinder//mcu/
2023-11-09 09:07:48,767 [WARN] DbFile:41 - Overriding database path with different value: C:\Users\musta\.stmcufinder\plugins\mcufinder/ => C:\Users\musta\.stmcufinder\plugins\mcufinder
2023-11-09 09:07:48,767 [WARN] DbFile:41 - Overriding database path with different value: C:\Users\musta\.stmcufinder\plugins\mcufinder/ => C:\Users\musta\.stmcufinder\plugins\mcufinder
2023-11-09 09:07:48,767 [INFO] CrossReferenceDbSqlite:203 - Set database path to: C:\Users\musta\.stmcufinder\plugins\mcufinder//mcu/cs/
2023-11-09 09:07:48,895 [INFO] MainPanel:262 - HeapMemory: 268435456
2023-11-09 09:07:49,042 [INFO] DbMcusXml:78 - Set database path to: C:\ST\STM32CubeIDE_1.13.2\STM32CubeIDE\plugins\com.st.stm32cube.common.mx_6.9.2.202309101412\\db\/mcu/
2023-11-09 09:07:49,042 [INFO] ApiDb:274 - Set plugin database path to: C:\ST\STM32CubeIDE_1.13.2\STM32CubeIDE\plugins\com.st.stm32cube.common.mx_6.9.2.202309101412\\db\/plugins/boardmanager/
2023-11-09 09:07:49,042 [INFO] ApiDb:261 - Set plugin images path to: C:\ST\STM32CubeIDE_1.13.2\STM32CubeIDE\plugins\com.st.stm32cube.common.mx_6.9.2.202309101412\\db\/plugins/mcufinder/images/
2023-11-09 09:07:49,043 [WARN] DbFile:41 - Overriding database path with different value: C:\Users\musta\.stmcufinder\plugins\mcufinder/ => C:\Users\musta\.stmcufinder\plugins\mcufinder
2023-11-09 09:07:49,043 [INFO] ApiDb:250 - Set database path to: C:\Users\musta\.stmcufinder\plugins\mcufinder//mcu/
2023-11-09 09:07:49,044 [WARN] DbFile:41 - Overriding database path with different value: C:\Users\musta\.stmcufinder\plugins\mcufinder/ => C:\Users\musta\.stmcufinder\plugins\mcufinder
2023-11-09 09:07:49,044 [INFO] DbMcusAds:125 - Set database path to: C:\Users\musta\.stmcufinder\plugins\mcufinder//mcu/
2023-11-09 09:07:49,044 [WARN] DbFile:41 - Overriding database path with different value: C:\Users\musta\.stmcufinder\plugins\mcufinder/ => C:\Users\musta\.stmcufinder\plugins\mcufinder
2023-11-09 09:07:49,044 [WARN] DbFile:41 - Overriding database path with different value: C:\Users\musta\.stmcufinder\plugins\mcufinder/ => C:\Users\musta\.stmcufinder\plugins\mcufinder
2023-11-09 09:07:49,044 [INFO] CrossReferenceDbSqlite:203 - Set database path to: C:\Users\musta\.stmcufinder\plugins\mcufinder//mcu/cs/
2023-11-09 09:07:49,077 [INFO] ApplicationProperties:184 - Using Application install path: C:\ST\STM32CubeIDE_1.13.2\STM32CubeIDE\plugins\com.st.stm32cube.common.mx_6.9.2.202309101412
2023-11-09 09:07:49,079 [INFO] PluginManage:196 - Search for loadable plugins [exclusion list=, ]
2023-11-09 09:07:49,083 [INFO] PluginManage:310 - Check plugin analytics
2023-11-09 09:07:49,446 [INFO] AnalyticsPlugin:253 - Accepted Software Licenses: 
2023-11-09 09:07:49,447 [INFO] AnalyticsPlugin:255 - Accepted CMSIS Pack Licenses: 
2023-11-09 09:07:49,447 [INFO] AnalyticsPlugin:257 - Accepted Firmware Licenses: 
2023-11-09 09:07:49,453 [INFO] PluginManage:359 - Loaded plugin analytics (category:tool,tabindex:-1)
2023-11-09 09:07:49,453 [ERROR] ConfigurationRetriever:142 - IOException on connection: sw-center.st.com
2023-11-09 09:07:49,454 [ERROR] ConfigurationRetriever:142 - IOException on connection: sw-center.st.com
2023-11-09 09:07:49,455 [INFO] PluginManage:310 - Check plugin cadmodel
2023-11-09 09:07:49,455 [ERROR] ConfigurationRetriever:142 - IOException on connection: sw-center.st.com
2023-11-09 09:07:49,463 [INFO] CADModel:105 - Init CAD model plugin
2023-11-09 09:07:49,464 [INFO] PluginManage:359 - Loaded plugin cadmodel (category:power,tabindex:5)
2023-11-09 09:07:49,464 [INFO] PluginManage:310 - Check plugin clock
2023-11-09 09:07:49,482 [INFO] PluginManage:359 - Loaded plugin clock (category:base,tabindex:2)
2023-11-09 09:07:49,482 [INFO] PluginManage:310 - Check plugin ddr
2023-11-09 09:07:49,488 [INFO] PluginManage:359 - Loaded plugin ddr (category:tool,tabindex:6)
2023-11-09 09:07:49,488 [INFO] PluginManage:310 - Check plugin filemanager
2023-11-09 09:07:49,702 [INFO] PluginManage:359 - Loaded plugin filemanager (category:base,tabindex:10)
2023-11-09 09:07:49,703 [INFO] PluginManage:310 - Check plugin ipmanager
2023-11-09 09:07:49,713 [INFO] PluginManage:359 - Loaded plugin ipmanager (category:base,tabindex:5)
2023-11-09 09:07:49,714 [INFO] PluginManage:310 - Check plugin lpbam
2023-11-09 09:07:49,726 [INFO] PluginManage:359 - Loaded plugin lpbam (category:base,tabindex:0)
2023-11-09 09:07:49,727 [INFO] PluginManage:310 - Check plugin memorymap
2023-11-09 09:07:49,744 [INFO] PluginManage:359 - Loaded plugin memorymap (category:base,tabindex:4)
2023-11-09 09:07:49,744 [INFO] PluginManage:310 - Check plugin pinoutandconfiguration
2023-11-09 09:07:49,757 [INFO] PluginManage:359 - Loaded plugin pinoutandconfiguration (category:base,tabindex:1)
2023-11-09 09:07:49,757 [INFO] PluginManage:310 - Check plugin pinoutconfig
2023-11-09 09:07:49,909 [WARN] SupportedApi:132 - Cannot load RTOS API schema: s4s-elt-must-match.1: The content of 'definitions' must match (annotation?, (simpleType | complexType)?, (unique | key | keyref)*)). A problem was found starting at: attribute.
2023-11-09 09:07:50,182 [INFO] PluginManage:359 - Loaded plugin pinoutconfig (category:base,tabindex:0)
2023-11-09 09:07:50,183 [INFO] PluginManage:310 - Check plugin power
2023-11-09 09:07:50,204 [INFO] PluginManage:359 - Loaded plugin power (category:power,tabindex:4)
2023-11-09 09:07:50,204 [INFO] PluginManage:310 - Check plugin projectmanager
2023-11-09 09:07:50,233 [INFO] PluginManage:359 - Loaded plugin projectmanager (category:projectmanager,tabindex:3)
2023-11-09 09:07:50,233 [INFO] PluginManage:310 - Check plugin thirdparty
2023-11-09 09:07:50,488 [WARN] IntegrityCheckThread:84 - waiting for thirdparty lock release [integrity check]
2023-11-09 09:07:50,489 [INFO] PluginManage:359 - Loaded plugin thirdparty (category:base,tabindex:-1)
2023-11-09 09:07:50,489 [INFO] IntegrityCheckThread:86 - entering critical section [integrity check]
2023-11-09 09:07:50,489 [INFO] PluginManage:310 - Check plugin tools
2023-11-09 09:07:50,490 [INFO] ThirdPartyUpdaterWithRetryManager:70 - Updater plugin not ready yet. [1/15]
2023-11-09 09:07:50,493 [INFO] PluginManage:359 - Loaded plugin tools (category:base,tabindex:7)
2023-11-09 09:07:50,493 [INFO] PluginManage:310 - Check plugin tutovideos
2023-11-09 09:07:50,796 [INFO] PluginManage:359 - Loaded plugin tutovideos (category:base,tabindex:-1)
2023-11-09 09:07:50,797 [INFO] PluginManage:310 - Check plugin updater
2023-11-09 09:07:50,813 [INFO] PluginManage:359 - Loaded plugin updater (category:base,tabindex:12)
2023-11-09 09:07:50,813 [INFO] PluginManage:310 - Check plugin userauth
2023-11-09 09:07:50,821 [INFO] UserAuth:113 - Init User Auth plugin
2023-11-09 09:07:50,821 [INFO] PluginManage:359 - Loaded plugin userauth (category:base,tabindex:14)
2023-11-09 09:07:50,822 [INFO] PluginManage:283 - PluginManage : Loaded plugins [17]
2023-11-09 09:07:51,220 [INFO] PinOutPanel:1499 - setPackage(No Configuration,No Configuration)
2023-11-09 09:07:51,452 [INFO] CADModel:165 - CPN selected for project level
2023-11-09 09:07:51,453 [INFO] CADModel:114 - Register for checkConnection events
2023-11-09 09:07:51,480 [INFO] IPUIPlugin:80 - create IPUIPlugin
2023-11-09 09:07:51,481 [INFO] PluginManager:220 - loadIPPluginJar : add adc
2023-11-09 09:07:51,486 [INFO] IPUIPlugin:80 - create IPUIPlugin
2023-11-09 09:07:51,487 [INFO] PluginManager:220 - loadIPPluginJar : add aes
2023-11-09 09:07:51,491 [INFO] IPUIPlugin:80 - create IPUIPlugin
2023-11-09 09:07:51,492 [INFO] PluginManager:220 - loadIPPluginJar : add can
2023-11-09 09:07:51,495 [INFO] IPUIPlugin:80 - create IPUIPlugin
2023-11-09 09:07:51,495 [INFO] PluginManager:220 - loadIPPluginJar : add comp
2023-11-09 09:07:51,501 [INFO] IPUIPlugin:80 - create IPUIPlugin
2023-11-09 09:07:51,501 [INFO] PluginManager:220 - loadIPPluginJar : add cryp
2023-11-09 09:07:51,505 [INFO] IPUIPlugin:80 - create IPUIPlugin
2023-11-09 09:07:51,506 [INFO] PluginManager:220 - loadIPPluginJar : add dfsdm
2023-11-09 09:07:51,516 [INFO] IPUIPlugin:80 - create IPUIPlugin
2023-11-09 09:07:51,517 [INFO] PluginManager:220 - loadIPPluginJar : add dma
2023-11-09 09:07:51,523 [INFO] IPUIPlugin:80 - create IPUIPlugin
2023-11-09 09:07:51,523 [INFO] PluginManager:220 - loadIPPluginJar : add dma3
2023-11-09 09:07:51,526 [INFO] IPUIPlugin:80 - create IPUIPlugin
2023-11-09 09:07:51,526 [INFO] PluginManager:220 - loadIPPluginJar : add fatfs
2023-11-09 09:07:51,535 [INFO] IPUIPlugin:80 - create IPUIPlugin
2023-11-09 09:07:51,535 [INFO] PluginManager:220 - loadIPPluginJar : add fmc
2023-11-09 09:07:51,545 [INFO] IPUIPlugin:80 - create IPUIPlugin
2023-11-09 09:07:51,546 [INFO] PluginManager:220 - loadIPPluginJar : add freertos
2023-11-09 09:07:51,549 [INFO] IPUIPlugin:80 - create IPUIPlugin
2023-11-09 09:07:51,549 [INFO] PluginManager:220 - loadIPPluginJar : add genericplugin
2023-11-09 09:07:51,553 [INFO] IPUIPlugin:80 - create IPUIPlugin
2023-11-09 09:07:51,553 [INFO] PluginManager:220 - loadIPPluginJar : add gfxmmu
2023-11-09 09:07:51,561 [INFO] IPUIPlugin:80 - create IPUIPlugin
2023-11-09 09:07:51,561 [INFO] PluginManager:220 - loadIPPluginJar : add gic
2023-11-09 09:07:51,568 [INFO] IPUIPlugin:80 - create IPUIPlugin
2023-11-09 09:07:51,569 [INFO] PluginManager:220 - loadIPPluginJar : add gpio
2023-11-09 09:07:51,573 [INFO] IPUIPlugin:80 - create IPUIPlugin
2023-11-09 09:07:51,573 [INFO] PluginManager:220 - loadIPPluginJar : add gtzc
2023-11-09 09:07:51,577 [INFO] IPUIPlugin:80 - create IPUIPlugin
2023-11-09 09:07:51,577 [INFO] PluginManager:220 - loadIPPluginJar : add hash
2023-11-09 09:07:51,582 [INFO] IPUIPlugin:80 - create IPUIPlugin
2023-11-09 09:07:51,582 [INFO] PluginManager:220 - loadIPPluginJar : add i2c
2023-11-09 09:07:51,588 [INFO] IPUIPlugin:80 - create IPUIPlugin
2023-11-09 09:07:51,588 [INFO] PluginManager:220 - loadIPPluginJar : add i2s
2023-11-09 09:07:51,594 [INFO] IPUIPlugin:80 - create IPUIPlugin
2023-11-09 09:07:51,595 [INFO] PluginManager:220 - loadIPPluginJar : add i3c
2023-11-09 09:07:51,602 [INFO] IPUIPlugin:80 - create IPUIPlugin
2023-11-09 09:07:51,602 [INFO] PluginManager:220 - loadIPPluginJar : add ipddr
2023-11-09 09:07:51,616 [INFO] IPUIPlugin:80 - create IPUIPlugin
2023-11-09 09:07:51,616 [INFO] PluginManager:220 - loadIPPluginJar : add linkedlist
2023-11-09 09:07:51,623 [INFO] IPUIPlugin:80 - create IPUIPlugin
2023-11-09 09:07:51,623 [INFO] PluginManager:220 - loadIPPluginJar : add lorawan
2023-11-09 09:07:51,626 [INFO] IPUIPlugin:80 - create IPUIPlugin
2023-11-09 09:07:51,626 [INFO] PluginManager:220 - loadIPPluginJar : add ltdc
2023-11-09 09:07:51,638 [INFO] IPUIPlugin:80 - create IPUIPlugin
2023-11-09 09:07:51,638 [INFO] PluginManager:220 - loadIPPluginJar : add mdma
2023-11-09 09:07:51,645 [INFO] IPUIPlugin:80 - create IPUIPlugin
2023-11-09 09:07:51,645 [INFO] PluginManager:220 - loadIPPluginJar : add nvic
2023-11-09 09:07:51,651 [INFO] IPUIPlugin:80 - create IPUIPlugin
2023-11-09 09:07:51,651 [INFO] PluginManager:220 - loadIPPluginJar : add opamp
2023-11-09 09:07:51,656 [INFO] IPUIPlugin:80 - create IPUIPlugin
2023-11-09 09:07:51,657 [INFO] PluginManager:220 - loadIPPluginJar : add openamp
2023-11-09 09:07:51,662 [INFO] IPUIPlugin:80 - create IPUIPlugin
2023-11-09 09:07:51,662 [INFO] PluginManager:220 - loadIPPluginJar : add pdm2pcm
2023-11-09 09:07:51,672 [INFO] IPUIPlugin:80 - create IPUIPlugin
2023-11-09 09:07:51,676 [INFO] PluginManager:220 - loadIPPluginJar : add plateformsettings
2023-11-09 09:07:51,679 [INFO] IPUIPlugin:80 - create IPUIPlugin
2023-11-09 09:07:51,679 [INFO] PluginManager:220 - loadIPPluginJar : add quadspi
2023-11-09 09:07:51,684 [INFO] IPUIPlugin:80 - create IPUIPlugin
2023-11-09 09:07:51,684 [INFO] PluginManager:220 - loadIPPluginJar : add resmgrutility
2023-11-09 09:07:51,690 [INFO] IPUIPlugin:80 - create IPUIPlugin
2023-11-09 09:07:51,690 [INFO] PluginManager:220 - loadIPPluginJar : add sai
2023-11-09 09:07:51,694 [INFO] IPUIPlugin:80 - create IPUIPlugin
2023-11-09 09:07:51,694 [INFO] PluginManager:220 - loadIPPluginJar : add spi
2023-11-09 09:07:51,701 [INFO] IPUIPlugin:80 - create IPUIPlugin
2023-11-09 09:07:51,702 [INFO] PluginManager:220 - loadIPPluginJar : add stm32_wpan
2023-11-09 09:07:51,704 [INFO] IPUIPlugin:80 - create IPUIPlugin
2023-11-09 09:07:51,705 [INFO] PluginManager:220 - loadIPPluginJar : add tim
2023-11-09 09:07:51,709 [INFO] IPUIPlugin:80 - create IPUIPlugin
2023-11-09 09:07:51,709 [INFO] PluginManager:220 - loadIPPluginJar : add touchsensing
2023-11-09 09:07:51,712 [INFO] IPUIPlugin:80 - create IPUIPlugin
2023-11-09 09:07:51,712 [INFO] PluginManager:220 - loadIPPluginJar : add tracer_emb
2023-11-09 09:07:51,715 [INFO] IPUIPlugin:80 - create IPUIPlugin
2023-11-09 09:07:51,715 [INFO] PluginManager:220 - loadIPPluginJar : add ts
2023-11-09 09:07:51,718 [INFO] IPUIPlugin:80 - create IPUIPlugin
2023-11-09 09:07:51,718 [INFO] PluginManager:220 - loadIPPluginJar : add tsc
2023-11-09 09:07:51,721 [INFO] IPUIPlugin:80 - create IPUIPlugin
2023-11-09 09:07:51,721 [INFO] PluginManager:220 - loadIPPluginJar : add ucpd
2023-11-09 09:07:51,725 [INFO] IPUIPlugin:80 - create IPUIPlugin
2023-11-09 09:07:51,726 [INFO] PluginManager:220 - loadIPPluginJar : add usart
2023-11-09 09:07:51,730 [INFO] IPUIPlugin:80 - create IPUIPlugin
2023-11-09 09:07:51,730 [INFO] PluginManager:220 - loadIPPluginJar : add usbx
2023-11-09 09:07:51,894 [INFO] CADModel:165 - CPN selected for project level
2023-11-09 09:07:51,894 [INFO] CADModel:114 - Register for checkConnection events
2023-11-09 09:07:51,894 [FATAL] Updater:308 - Updater called before beeing initialized
2023-11-09 09:07:51,895 [ERROR] CADModel:125 - Updater not yet initialized, retry later 
2023-11-09 09:07:52,125 [INFO] CADModel:165 - CPN selected for project level
2023-11-09 09:07:52,126 [INFO] CADModel:114 - Register for checkConnection events
2023-11-09 09:07:52,126 [FATAL] Updater:308 - Updater called before beeing initialized
2023-11-09 09:07:52,126 [ERROR] CADModel:125 - Updater not yet initialized, retry later 
2023-11-09 09:07:52,134 [FATAL] Updater:308 - Updater called before beeing initialized
2023-11-09 09:07:52,315 [FATAL] Updater:308 - Updater called before beeing initialized
2023-11-09 09:07:52,325 [INFO] DbMcusAds:53 - JSON generation date=Tue Mar 07 10:50:55 EET 2023 (1678179055335)
2023-11-09 09:07:52,325 [FATAL] Updater:308 - Updater called before beeing initialized
2023-11-09 09:07:52,388 [WARN] DetailPanel:346 - Failed to get advertising image, set to default
2023-11-09 09:07:52,583 [FATAL] Updater:308 - Updater called before beeing initialized
2023-11-09 09:07:52,586 [FATAL] Updater:308 - Updater called before beeing initialized
2023-11-09 09:07:52,586 [FATAL] Updater:308 - Updater called before beeing initialized
2023-11-09 09:07:52,586 [WARN] DetailPanel:346 - Failed to get advertising image, set to default
2023-11-09 09:07:52,587 [FATAL] Updater:308 - Updater called before beeing initialized
2023-11-09 09:07:52,670 [ERROR] Updater:1120 - MainUpdater not yet initialized. External WinMGr cannot be set.
2023-11-09 09:07:52,673 [INFO] Updater:1056 - Updater Version found : 6.9.2
2023-11-09 09:07:52,703 [INFO] ApplicationProperties:184 - Using Application install path: C:\ST\STM32CubeIDE_1.13.2\STM32CubeIDE\plugins\com.st.stm32cube.common.mx_6.9.2.202309101412
2023-11-09 09:07:52,896 [ERROR] ServerAccessManage:1146 - Warning during Server Connection :  Unknown host sw-center.st.com
2023-11-09 09:07:52,906 [INFO] MainUpdater:2868 - connection check result : 22
2023-11-09 09:07:52,907 [INFO] MainUpdater:285 - Updater Check For Update Now.
2023-11-09 09:07:52,908 [INFO] MicroXplorer:498 - Change Database Version : DB.6.0.92
2023-11-09 09:07:52,929 [INFO] McuFinderGlobals:63 - Set McuFinder mode to 2 (CubeIDE integrated)
2023-11-09 09:07:52,929 [INFO] UserAuth:179 - activating auth plugin
2023-11-09 09:07:52,936 [INFO] UserAuth:393 - Internet connection configuration mode: 2
2023-11-09 09:07:53,282 [INFO] CheckServerUpdateThread:120 - End of CheckServer Thread
2023-11-09 09:07:53,857 [WARN] PackLoader:240 - Cannot read IP mode file for STMicroelectronics.X-CUBE-SMBUS.2.1.0
2023-11-09 09:07:53,933 [WARN] PackLoader:240 - Cannot read IP mode file for STMicroelectronics.X-CUBE-AZRTOS-F7.1.1.0
2023-11-09 09:07:54,024 [WARN] PackLoader:240 - Cannot read IP mode file for STMicroelectronics.FP-SNS-MOTENV1.4.3.2
2023-11-09 09:07:54,043 [WARN] PackLoader:240 - Cannot read IP mode file for STMicroelectronics.FP-SNS-FLIGHT1.5.0.2
2023-11-09 09:07:54,071 [WARN] PackLoader:240 - Cannot read IP mode file for STMicroelectronics.X-CUBE-DISPLAY.3.0.0
2023-11-09 09:07:54,107 [WARN] PackLoader:240 - Cannot read IP mode file for STMicroelectronics.X-CUBE-BLE1.7.0.0
2023-11-09 09:07:54,121 [WARN] PackLoader:240 - Cannot read IP mode file for emotas.I-CUBE-CANOPEN.1.3.0
2023-11-09 09:07:54,130 [WARN] PackLoader:240 - Cannot read IP mode file for STMicroelectronics.X-CUBE-TOUCHGFX.4.22.1
2023-11-09 09:07:54,138 [WARN] PackLoader:240 - Cannot read IP mode file for STMicroelectronics.FP-SNS-SMARTAG2.1.2.0
2023-11-09 09:07:54,163 [INFO] LogOutputStream:77 - [STDOUT_REDIRECT] 1 : Invalid condition id : UX_CORESTACK_Condition cause : null
2023-11-09 09:07:54,164 [INFO] LogOutputStream:77 - [STDOUT_REDIRECT] 1 : Invalid condition id : UX_CORESTACK_Condition cause : null
2023-11-09 09:07:54,166 [INFO] LogOutputStream:77 - [STDOUT_REDIRECT] 1 : Invalid condition id : UX_CORESTACK_Condition cause : null
2023-11-09 09:07:54,170 [INFO] LogOutputStream:77 - [STDOUT_REDIRECT] 1 : Invalid condition id : UX_CORESTACK_Condition cause : null
2023-11-09 09:07:54,173 [INFO] LogOutputStream:77 - [STDOUT_REDIRECT] 1 : Invalid condition id : UX_CORESTACK_Condition cause : null
2023-11-09 09:07:54,183 [WARN] PackLoader:240 - Cannot read IP mode file for STMicroelectronics.X-CUBE-AZRTOS-WL.2.0.0
2023-11-09 09:07:54,203 [WARN] PackLoader:240 - Cannot read IP mode file for WES.I-CUBE-Cesium.1.3.0
2023-11-09 09:07:54,212 [WARN] PackLoader:240 - Cannot read IP mode file for STMicroelectronics.X-CUBE-BLE2.3.3.0
2023-11-09 09:07:54,223 [WARN] PackLoader:240 - Cannot read IP mode file for STMicroelectronics.X-CUBE-ALGOBUILD.1.3.0
2023-11-09 09:07:54,265 [WARN] PackLoader:240 - Cannot read IP mode file for STMicroelectronics.X-CUBE-AZRTOS-G0.1.1.0
2023-11-09 09:07:54,286 [WARN] PackLoader:240 - Cannot read IP mode file for STMicroelectronics.X-CUBE-NFC4.3.0.0
2023-11-09 09:07:54,311 [WARN] PackLoader:240 - Cannot read IP mode file for STMicroelectronics.X-CUBE-BLEMGR.3.0.0
2023-11-09 09:07:54,327 [WARN] PackLoader:240 - Cannot read IP mode file for STMicroelectronics.FP-ATR-SIGFOX1.3.2.0
2023-11-09 09:07:54,340 [WARN] PackLoader:240 - Cannot read IP mode file for STMicroelectronics.X-CUBE-GNSS1.6.0.0
2023-11-09 09:07:54,384 [WARN] PackLoader:240 - Cannot read IP mode file for STMicroelectronics.X-CUBE-AZRTOS-F4.1.1.0
2023-11-09 09:07:54,397 [WARN] PackLoader:240 - Cannot read IP mode file for wolfSSL.I-CUBE-wolfSSL.5.6.4
2023-11-09 09:07:54,446 [WARN] PackLoader:240 - Cannot read IP mode file for STMicroelectronics.X-CUBE-AZRTOS-L5.2.0.0
2023-11-09 09:07:54,462 [WARN] PackLoader:240 - Cannot read IP mode file for STMicroelectronics.X-CUBE-EEPRMA1.4.2.0
2023-11-09 09:07:54,474 [WARN] PackLoader:240 - Cannot read IP mode file for ITTIA_DB.I-CUBE-ITTIADB.8.8.0
2023-11-09 09:07:54,505 [WARN] ConditionMgr:438 - getConditionDescription Invalid condition id : UX DEVICE CLASS RTOS Condition cause : null
2023-11-09 09:07:54,506 [WARN] ConditionMgr:438 - getConditionDescription Invalid condition id : UX DEVICE CLASS RTOS Condition cause : null
2023-11-09 09:07:54,514 [WARN] PackLoader:240 - Cannot read IP mode file for STMicroelectronics.X-CUBE-AZRTOS-H7.3.1.0
2023-11-09 09:07:54,516 [WARN] ConditionMgr:1039 - genDependencies : Invalid condition id : UX DEVICE CLASS RTOS Condition cause : null
2023-11-09 09:07:54,517 [WARN] ConditionMgr:1039 - genDependencies : Invalid condition id : UX DEVICE CLASS RTOS Condition cause : null
2023-11-09 09:07:54,518 [WARN] ConditionMgr:1039 - genDependencies : Invalid condition id : UX DEVICE CLASS RTOS Condition cause : null
2023-11-09 09:07:54,519 [WARN] ConditionMgr:1039 - genDependencies : Invalid condition id : UX DEVICE CLASS RTOS Condition cause : null
2023-11-09 09:07:54,520 [WARN] ConditionMgr:1039 - genDependencies : Invalid condition id : UX DEVICE CLASS RTOS Condition cause : null
2023-11-09 09:07:54,536 [WARN] PackLoader:240 - Cannot read IP mode file for STMicroelectronics.X-CUBE-NFC7.1.0.1
2023-11-09 09:07:54,551 [WARN] PackLoader:240 - Cannot read IP mode file for STMicroelectronics.X-CUBE-NFC6.3.0.0
2023-11-09 09:07:54,562 [WARN] PackLoader:240 - Cannot read IP mode file for STMicroelectronics.X-CUBE-AI.8.1.0
2023-11-09 09:07:54,598 [WARN] ConditionMgr:438 - getConditionDescription Invalid condition id : LAN8742 Phy interface Condition cause : null
2023-11-09 09:07:54,600 [WARN] PackLoader:240 - Cannot read IP mode file for STMicroelectronics.X-CUBE-AZRTOS-L4.2.0.0
2023-11-09 09:07:54,603 [WARN] ConditionMgr:1039 - genDependencies : Invalid condition id : LAN8742 Phy interface Condition cause : null
2023-11-09 09:07:54,603 [WARN] ConditionMgr:1039 - genDependencies : Invalid condition id : LAN8742 Phy interface Condition cause : null
2023-11-09 09:07:54,605 [WARN] ConditionMgr:1039 - genDependencies : Invalid condition id : LAN8742 Phy interface Condition cause : null
2023-11-09 09:07:54,621 [WARN] PackLoader:240 - Cannot read IP mode file for STMicroelectronics.X-CUBE-SFXS2LP1.4.0.0
2023-11-09 09:07:54,634 [WARN] PackLoader:240 - Cannot read IP mode file for STMicroelectronics.X-CUBE-ISPU.1.1.0
2023-11-09 09:07:54,656 [WARN] ConditionMgr:438 - getConditionDescription Invalid condition id : UX DEVICE CLASS RTOS Condition cause : null
2023-11-09 09:07:54,656 [WARN] ConditionMgr:438 - getConditionDescription Invalid condition id : UX DEVICE CLASS RTOS Condition cause : null
2023-11-09 09:07:54,660 [WARN] PackLoader:240 - Cannot read IP mode file for STMicroelectronics.X-CUBE-AZRTOS-WB.2.0.0
2023-11-09 09:07:54,661 [WARN] ConditionMgr:1039 - genDependencies : Invalid condition id : UX DEVICE CLASS RTOS Condition cause : null
2023-11-09 09:07:54,661 [WARN] ConditionMgr:1039 - genDependencies : Invalid condition id : UX DEVICE CLASS RTOS Condition cause : null
2023-11-09 09:07:54,662 [WARN] ConditionMgr:1039 - genDependencies : Invalid condition id : UX DEVICE CLASS RTOS Condition cause : null
2023-11-09 09:07:54,663 [WARN] ConditionMgr:1039 - genDependencies : Invalid condition id : UX DEVICE CLASS RTOS Condition cause : null
2023-11-09 09:07:54,663 [WARN] ConditionMgr:1039 - genDependencies : Invalid condition id : UX DEVICE CLASS RTOS Condition cause : null
2023-11-09 09:07:54,684 [WARN] PackLoader:240 - Cannot read IP mode file for STMicroelectronics.X-CUBE-SUBG2.5.0.0
2023-11-09 09:07:54,711 [WARN] PackLoader:240 - Cannot read IP mode file for STMicroelectronics.X-CUBE-TOF1.3.3.1
2023-11-09 09:07:54,748 [WARN] PackLoader:240 - Cannot read IP mode file for STMicroelectronics.X-CUBE-AZRTOS-G4.2.0.0
2023-11-09 09:07:54,784 [WARN] PackLoader:240 - Cannot read IP mode file for Infineon.AIROC-Wi-Fi-Bluetooth-STM32.1.5.1
2023-11-09 09:07:54,904 [WARN] PackLoader:240 - Cannot read IP mode file for STMicroelectronics.X-CUBE-MEMS1.10.0.0
2023-11-09 09:07:55,248 [WARN] PackLoader:240 - Cannot read IP mode file for STMicroelectronics.X-CUBE-FREERTOS.1.1.0
2023-11-09 09:07:55,258 [WARN] PackLoader:240 - Cannot read IP mode file for portGmbH.I-Cube-SoM-uGOAL.1.1.0
2023-11-09 09:07:55,264 [WARN] PackLoader:240 - Cannot read IP mode file for STMicroelectronics.X-CUBE-ALS.1.0.1
2023-11-09 09:07:55,271 [WARN] PackLoader:240 - Cannot read IP mode file for STMicroelectronics.FP-ATR-ASTRA1.2.0.0
2023-11-09 09:07:55,273 [INFO] ThirdParty:978 - Integrity check success = true
2023-11-09 09:07:55,273 [INFO] IntegrityCheckThread:100 - exiting critical section [integrity check]
2023-11-09 09:07:55,274 [INFO] IntegrityCheckThread:103 - End integrity checks thread
2023-11-09 09:08:06,046 [ERROR] ConfigurationRetriever:142 - IOException on connection: sw-center.st.com
2023-11-09 09:08:06,047 [ERROR] ConfigurationRetriever:142 - IOException on connection: sw-center.st.com
2023-11-09 09:08:06,048 [ERROR] ConfigurationRetriever:142 - IOException on connection: sw-center.st.com
